<?xml version="1.0" encoding="utf-8"?><testsuites name="pytest tests"><testsuite name="pytest" errors="0" failures="0" skipped="0" tests="37" time="40.364" timestamp="2026-06-18T02:05:25.424081+00:00" hostname="agent-env-458828f0-d51f-4902-bc20-090bb4818d4a"><testcase classname="backend.tests.backend_test.TestHealth" name="test_root" time="0.138" /><testcase classname="backend.tests.backend_test.TestHealth" name="test_meta" time="0.047" /><testcase classname="backend.tests.backend_test.TestAuth" name="test_register_returns_token_credits" time="0.272" /><testcase classname="backend.tests.backend_test.TestAuth" name="test_duplicate_register_400" time="0.046" /><testcase classname="backend.tests.backend_test.TestAuth" name="test_login_success" time="0.270" /><testcase classname="backend.tests.backend_test.TestAuth" name="test_login_wrong_password_401" time="0.535" /><testcase classname="backend.tests.backend_test.TestAuth" name="test_me_endpoint" time="0.046" /><testcase classname="backend.tests.backend_test.TestAuth" name="test_me_no_token_401" time="0.109" /><testcase classname="backend.tests.backend_test.TestAuth" name="test_brute_force_lockout_429" time="1.661" /><testcase classname="backend.tests.backend_test.TestAuth" name="test_admin_login" time="0.327" /><testcase classname="backend.tests.backend_test.TestGeneration" name="test_text_to_3d_flow_and_credit_deduct" time="5.133" /><testcase classname="backend.tests.backend_test.TestGeneration" name="test_out_of_credits_402" time="1.352" /><testcase classname="backend.tests.backend_test.TestPromptEnhance" name="test_enhance" time="5.080" /><testcase classname="backend.tests.backend_test.TestFeedLikeRemix" name="test_feed_recent" time="0.062" /><testcase classname="backend.tests.backend_test.TestFeedLikeRemix" name="test_feed_popular" time="0.050" /><testcase classname="backend.tests.backend_test.TestFeedLikeRemix" name="test_feed_trending" time="0.052" /><testcase classname="backend.tests.backend_test.TestFeedLikeRemix" name="test_like_toggle" time="0.154" /><testcase classname="backend.tests.backend_test.TestFeedLikeRemix" name="test_remix" time="0.047" /><testcase classname="backend.tests.backend_test.TestFeedLikeRemix" name="test_my_generations" time="0.051" /><testcase classname="backend.tests.backend_test.TestBattle" name="test_battle_random_and_vote" time="0.142" /><testcase classname="backend.tests.backend_test.TestLeaderboardChallenges" name="test_leaderboard" time="0.047" /><testcase classname="backend.tests.backend_test.TestLeaderboardChallenges" name="test_challenge_today" time="0.052" /><testcase classname="backend.tests.backend_test.TestLeaderboardChallenges" name="test_challenge_list" time="0.050" /><testcase classname="backend.tests.backend_test.TestPaymentsPricing" name="test_pricing_plans" time="0.051" /><testcase classname="backend.tests.backend_test.TestPaymentsPricing" name="test_stripe_checkout" time="0.553" /><testcase classname="backend.tests.test_new_features.TestPricing" name="test_plans_have_4_variants_and_boost" time="0.167" /><testcase classname="backend.tests.test_new_features.TestPricing" name="test_checkout_annual_returns_stripe_url" time="0.731" /><testcase classname="backend.tests.test_new_features.TestImageUpload" name="test_upload_no_auth_401" time="0.051" /><testcase classname="backend.tests.test_new_features.TestImageUpload" name="test_upload_rejects_non_image_400" time="0.056" /><testcase classname="backend.tests.test_new_features.TestImageUpload" name="test_upload_too_large_413" time="0.338" /><testcase classname="backend.tests.test_new_features.TestImageUpload" name="test_upload_success_and_serve" time="0.106" /><testcase classname="backend.tests.test_new_features.TestBoost" name="test_boost_own_gen_returns_stripe_url" time="4.755" /><testcase classname="backend.tests.test_new_features.TestBoost" name="test_boost_others_gen_403" time="4.596" /><testcase classname="backend.tests.test_new_features.TestBoost" name="test_boost_bogus_id_404" time="0.058" /><testcase classname="backend.tests.test_new_features.TestBoost" name="test_boost_invalid_id_404" time="0.056" /><testcase classname="backend.tests.test_new_features.TestFeedPinning" name="test_pinned_first_then_swept" time="4.463" /><testcase classname="backend.tests.test_new_features.TestFeedPinning" name="test_battle_5_wins_grants_24h_boost" time="8.584" /></testsuite></testsuites>