<?xml version="1.0" encoding="utf-8"?><testsuites name="pytest tests"><testsuite name="pytest" errors="0" failures="0" skipped="0" tests="12" time="24.779" timestamp="2026-06-18T02:03:20.315856+00:00" hostname="agent-env-458828f0-d51f-4902-bc20-090bb4818d4a"><testcase classname="backend.tests.test_new_features.TestPricing" name="test_plans_have_4_variants_and_boost" time="0.244" /><testcase classname="backend.tests.test_new_features.TestPricing" name="test_checkout_annual_returns_stripe_url" time="1.000" /><testcase classname="backend.tests.test_new_features.TestImageUpload" name="test_upload_no_auth_401" time="0.086" /><testcase classname="backend.tests.test_new_features.TestImageUpload" name="test_upload_rejects_non_image_400" time="0.062" /><testcase classname="backend.tests.test_new_features.TestImageUpload" name="test_upload_too_large_413" time="0.379" /><testcase classname="backend.tests.test_new_features.TestImageUpload" name="test_upload_success_and_serve" time="0.131" /><testcase classname="backend.tests.test_new_features.TestBoost" name="test_boost_own_gen_returns_stripe_url" time="4.798" /><testcase classname="backend.tests.test_new_features.TestBoost" name="test_boost_others_gen_403" time="4.623" /><testcase classname="backend.tests.test_new_features.TestBoost" name="test_boost_bogus_id_404" time="0.063" /><testcase classname="backend.tests.test_new_features.TestBoost" name="test_boost_invalid_id_404" time="0.057" /><testcase classname="backend.tests.test_new_features.TestFeedPinning" name="test_pinned_first_then_swept" time="4.571" /><testcase classname="backend.tests.test_new_features.TestFeedPinning" name="test_battle_5_wins_grants_24h_boost" time="8.689" /></testsuite></testsuites>