<?xml version="1.0" encoding="utf-8"?><testsuites name="pytest tests"><testsuite name="pytest" errors="2" failures="2" skipped="3" tests="51" time="123.379" timestamp="2026-06-18T02:32:06.844171+00:00" hostname="agent-env-458828f0-d51f-4902-bc20-090bb4818d4a"><testcase classname="backend_test.TestHealth" name="test_root" time="0.127" /><testcase classname="backend_test.TestHealth" name="test_meta" time="0.045" /><testcase classname="backend_test.TestAuth" name="test_register_returns_token_credits" time="0.271" /><testcase classname="backend_test.TestAuth" name="test_duplicate_register_400" time="0.046" /><testcase classname="backend_test.TestAuth" name="test_login_success" time="0.356" /><testcase classname="backend_test.TestAuth" name="test_login_wrong_password_401" time="0.543" /><testcase classname="backend_test.TestAuth" name="test_me_endpoint" time="0.051" /><testcase classname="backend_test.TestAuth" name="test_me_no_token_401" time="0.121" /><testcase classname="backend_test.TestAuth" name="test_brute_force_lockout_429" time="1.685" /><testcase classname="backend_test.TestAuth" name="test_admin_login" time="0.349" /><testcase classname="backend_test.TestGeneration" name="test_text_to_3d_flow_and_credit_deduct" time="15.042"><failure message="AssertionError: generation did not complete in time&#10;assert None is not None">backend_test.py:203: in test_text_to_3d_flow_and_credit_deduct
    assert completed is not None, "generation did not complete in time"
E   AssertionError: generation did not complete in time
E   assert None is not None</failure></testcase><testcase classname="backend_test.TestGeneration" name="test_out_of_credits_402" time="1.332" /><testcase classname="backend_test.TestPromptEnhance" name="test_enhance" time="4.759" /><testcase classname="backend_test.TestFeedLikeRemix" name="test_feed_recent" time="0.056" /><testcase classname="backend_test.TestFeedLikeRemix" name="test_feed_popular" time="0.049" /><testcase classname="backend_test.TestFeedLikeRemix" name="test_feed_trending" time="0.050" /><testcase classname="backend_test.TestFeedLikeRemix" name="test_like_toggle" time="0.146" /><testcase classname="backend_test.TestFeedLikeRemix" name="test_remix" time="0.043" /><testcase classname="backend_test.TestFeedLikeRemix" name="test_my_generations" time="0.046" /><testcase classname="backend_test.TestBattle" name="test_battle_random_and_vote" time="0.145" /><testcase classname="backend_test.TestLeaderboardChallenges" name="test_leaderboard" time="0.046" /><testcase classname="backend_test.TestLeaderboardChallenges" name="test_challenge_today" time="0.045" /><testcase classname="backend_test.TestLeaderboardChallenges" name="test_challenge_list" time="0.046" /><testcase classname="backend_test.TestPaymentsPricing" name="test_pricing_plans" time="0.043" /><testcase classname="backend_test.TestPaymentsPricing" name="test_stripe_checkout" time="0.659" /><testcase classname="test_new_features.TestPricing" name="test_plans_have_4_variants_and_boost" time="0.167" /><testcase classname="test_new_features.TestPricing" name="test_checkout_annual_returns_stripe_url" time="0.783" /><testcase classname="test_new_features.TestImageUpload" name="test_upload_no_auth_401" time="0.046" /><testcase classname="test_new_features.TestImageUpload" name="test_upload_rejects_non_image_400" time="0.044" /><testcase classname="test_new_features.TestImageUpload" name="test_upload_too_large_413" time="0.363" /><testcase classname="test_new_features.TestImageUpload" name="test_upload_success_and_serve" time="0.045"><failure message="AssertionError: {&quot;detail&quot;:&quot;File too small to be a valid image&quot;}&#10;assert 400 == 200&#10; +  where 400 = &lt;Response [400]&gt;.status_code">test_new_features.py:133: in test_upload_success_and_serve
    assert r.status_code == 200, r.text
E   AssertionError: {"detail":"File too small to be a valid image"}
E   assert 400 == 200
E    +  where 400 = &lt;Response [400]&gt;.status_code</failure></testcase><testcase classname="test_new_features.TestBoost" name="test_boost_own_gen_returns_stripe_url" time="15.808"><skipped type="pytest.skip" message="Generation did not complete in time">/app/backend/tests/test_new_features.py:161: Generation did not complete in time</skipped></testcase><testcase classname="test_new_features.TestBoost" name="test_boost_others_gen_403" time="16.055"><skipped type="pytest.skip" message="Generation did not complete in time">/app/backend/tests/test_new_features.py:161: Generation did not complete in time</skipped></testcase><testcase classname="test_new_features.TestBoost" name="test_boost_bogus_id_404" time="0.048" /><testcase classname="test_new_features.TestBoost" name="test_boost_invalid_id_404" time="0.043" /><testcase classname="test_new_features.TestFeedPinning" name="test_pinned_first_then_swept" time="0.057"><error message="failed on setup with &quot;pymongo.errors.InvalidURI: Invalid URI scheme: URI must begin with 'mongodb://' or 'mongodb+srv://'&quot;">test_new_features.py:231: in mongo
    client = MongoClient(url)
             ^^^^^^^^^^^^^^^^
/root/.venv/lib/python3.11/site-packages/pymongo/mongo_client.py:766: in __init__
    res = uri_parser.parse_uri(
/root/.venv/lib/python3.11/site-packages/pymongo/uri_parser.py:496: in parse_uri
    raise InvalidURI(f"Invalid URI scheme: URI must begin with '{SCHEME}' or '{SRV_SCHEME}'")
E   pymongo.errors.InvalidURI: Invalid URI scheme: URI must begin with 'mongodb://' or 'mongodb+srv://'</error></testcase><testcase classname="test_new_features.TestFeedPinning" name="test_battle_5_wins_grants_24h_boost" time="0.000"><error message="failed on setup with &quot;pymongo.errors.InvalidURI: Invalid URI scheme: URI must begin with 'mongodb://' or 'mongodb+srv://'&quot;">test_new_features.py:231: in mongo
    client = MongoClient(url)
             ^^^^^^^^^^^^^^^^
/root/.venv/lib/python3.11/site-packages/pymongo/mongo_client.py:766: in __init__
    res = uri_parser.parse_uri(
/root/.venv/lib/python3.11/site-packages/pymongo/uri_parser.py:496: in parse_uri
    raise InvalidURI(f"Invalid URI scheme: URI must begin with '{SCHEME}' or '{SRV_SCHEME}'")
E   pymongo.errors.InvalidURI: Invalid URI scheme: URI must begin with 'mongodb://' or 'mongodb+srv://'</error></testcase><testcase classname="test_iteration4.TestImageUploadPillow" name="test_real_png_accepted" time="0.467" /><testcase classname="test_iteration4.TestImageUploadPillow" name="test_fake_png_rejected" time="0.051" /><testcase classname="test_iteration4.TestImageUploadPillow" name="test_upload_no_auth_401" time="0.052" /><testcase classname="test_iteration4.TestPasswordReset" name="test_forgot_returns_dev_link" time="0.052" /><testcase classname="test_iteration4.TestPasswordReset" name="test_forgot_unknown_email_still_ok" time="0.049" /><testcase classname="test_iteration4.TestPasswordReset" name="test_reset_invalid_token_400" time="0.054" /><testcase classname="test_iteration4.TestPasswordReset" name="test_full_reset_flow_and_reuse_blocked" time="1.298" /><testcase classname="test_iteration4.TestRobloxExport" name="test_manifest" time="0.107" /><testcase classname="test_iteration4.TestRobloxExport" name="test_checklist" time="0.058" /><testcase classname="test_iteration4.TestRobloxExport" name="test_glb_download" time="0.301" /><testcase classname="test_iteration4.TestRobloxExport" name="test_export_others_403" time="0.402" /><testcase classname="test_iteration4.TestRobloxExport" name="test_export_pending_400" time="0.096" /><testcase classname="test_iteration4.TestRobloxExport" name="test_export_nonexistent_404" time="0.047" /><testcase classname="test_iteration4.TestLiveFal" name="test_fal_kickoff_demo_mode_false" time="60.630"><skipped type="pytest.skip" message="Live fal.ai generation still pending after 60s (acceptable per request)">/app/backend/tests/test_iteration4.py:355: Live fal.ai generation still pending after 60s (acceptable per request)</skipped></testcase></testsuite></testsuites>