<?xml version="1.0" encoding="utf-8"?><testsuites name="pytest tests"><testsuite name="pytest" errors="0" failures="1" skipped="1" tests="14" time="63.949" timestamp="2026-06-18T02:29:04.225924+00:00" hostname="agent-env-458828f0-d51f-4902-bc20-090bb4818d4a"><testcase classname="test_iteration4.TestImageUploadPillow" name="test_real_png_accepted" time="0.466"><failure message="AssertionError: Test PNG too small: 74&#10;assert 74 &gt;= 100&#10; +  where 74 = len(b'\x89PNG\r\n\x1a\n\x00\x00\x00\rIHDR\x00\x00\x00\x08\x00\x00\x00\x08\x08\x02\x00\x00\x00Km)\xdc\x00\x00\x00\x11IDATx\x9cc\xf8\xcf\xd0\x80\x151\x0c-\t\x00\x89\xb3_\xc1V*\xdb\xce\x00\x00\x00\x00IEND\xaeB`\x82')">test_iteration4.py:87: in test_real_png_accepted
    assert len(png) &gt;= 100, f"Test PNG too small: {len(png)}"
E   AssertionError: Test PNG too small: 74
E   assert 74 &gt;= 100
E    +  where 74 = len(b'\x89PNG\r\n\x1a\n\x00\x00\x00\rIHDR\x00\x00\x00\x08\x00\x00\x00\x08\x08\x02\x00\x00\x00Km)\xdc\x00\x00\x00\x11IDATx\x9cc\xf8\xcf\xd0\x80\x151\x0c-\t\x00\x89\xb3_\xc1V*\xdb\xce\x00\x00\x00\x00IEND\xaeB`\x82')</failure></testcase><testcase classname="test_iteration4.TestImageUploadPillow" name="test_fake_png_rejected" time="0.231" /><testcase classname="test_iteration4.TestImageUploadPillow" name="test_upload_no_auth_401" time="0.051" /><testcase classname="test_iteration4.TestPasswordReset" name="test_forgot_returns_dev_link" time="0.073" /><testcase classname="test_iteration4.TestPasswordReset" name="test_forgot_unknown_email_still_ok" time="0.048" /><testcase classname="test_iteration4.TestPasswordReset" name="test_reset_invalid_token_400" time="0.059" /><testcase classname="test_iteration4.TestPasswordReset" name="test_full_reset_flow_and_reuse_blocked" time="1.242" /><testcase classname="test_iteration4.TestRobloxExport" name="test_manifest" time="0.111" /><testcase classname="test_iteration4.TestRobloxExport" name="test_checklist" time="0.049" /><testcase classname="test_iteration4.TestRobloxExport" name="test_glb_download" time="0.379" /><testcase classname="test_iteration4.TestRobloxExport" name="test_export_others_403" time="0.402" /><testcase classname="test_iteration4.TestRobloxExport" name="test_export_pending_400" time="0.096" /><testcase classname="test_iteration4.TestRobloxExport" name="test_export_nonexistent_404" time="0.049" /><testcase classname="test_iteration4.TestLiveFal" name="test_fal_kickoff_demo_mode_false" time="60.587"><skipped type="pytest.skip" message="Live fal.ai generation still pending after 60s (acceptable per request)">/app/backend/tests/test_iteration4.py:355: Live fal.ai generation still pending after 60s (acceptable per request)</skipped></testcase></testsuite></testsuites>