<?xml version="1.0" encoding="utf-8"?><testsuites name="pytest tests"><testsuite name="pytest" errors="0" failures="1" skipped="0" tests="10" time="3.653" timestamp="2026-06-18T02:46:06.526729+00:00" hostname="agent-env-458828f0-d51f-4902-bc20-090bb4818d4a"><testcase classname="backend.tests.test_iteration5.TestStats" name="test_stats_public_no_auth" time="0.162" /><testcase classname="backend.tests.test_iteration5.TestStats" name="test_stats_today_lte_total" time="0.048" /><testcase classname="backend.tests.test_iteration5.TestMeta" name="test_fal_configured_true" time="0.046" /><testcase classname="backend.tests.test_iteration5.TestPasswordResetHashed" name="test_forgot_returns_dev_link" time="0.047" /><testcase classname="backend.tests.test_iteration5.TestPasswordResetHashed" name="test_unknown_email_no_dev_link_but_ok" time="0.043" /><testcase classname="backend.tests.test_iteration5.TestPasswordResetHashed" name="test_reset_invalid_token" time="0.046" /><testcase classname="backend.tests.test_iteration5.TestPasswordResetHashed" name="test_full_reset_flow_and_restore" time="1.542" /><testcase classname="backend.tests.test_iteration5.TestPasswordResetHashed" name="test_token_stored_hashed_not_plaintext" time="0.051" /><testcase classname="backend.tests.test_iteration5.TestUploadGuard" name="test_upload_64x64_succeeds" time="0.328"><failure message="AssertionError: expected 200 for 64x64 PNG, got 422 {&quot;detail&quot;:[{&quot;type&quot;:&quot;missing&quot;,&quot;loc&quot;:[&quot;body&quot;,&quot;file&quot;],&quot;msg&quot;:&quot;Field required&quot;,&quot;input&quot;:null,&quot;url&quot;:&quot;https://errors.pydantic.dev/2.13/v/missing&quot;}]}&#10;assert 422 == 200&#10; +  where 422 = &lt;Response [422]&gt;.status_code">backend/tests/test_iteration5.py:178: in test_upload_64x64_succeeds
    assert r.status_code == 200, f"expected 200 for 64x64 PNG, got {r.status_code} {r.text[:200]}"
E   AssertionError: expected 200 for 64x64 PNG, got 422 {"detail":[{"type":"missing","loc":["body","file"],"msg":"Field required","input":null,"url":"https://errors.pydantic.dev/2.13/v/missing"}]}
E   assert 422 == 200
E    +  where 422 = &lt;Response [422]&gt;.status_code</failure></testcase><testcase classname="backend.tests.test_iteration5.TestUploadGuard" name="test_upload_8000x8000_rejected" time="1.181" /></testsuite></testsuites>