<?xml version="1.0" encoding="utf-8"?><testsuites name="pytest tests"><testsuite name="pytest" errors="0" failures="1" skipped="1" tests="39" time="89.531" timestamp="2026-06-18T02:46:49.343745+00:00" hostname="agent-env-458828f0-d51f-4902-bc20-090bb4818d4a"><testcase classname="backend.tests.test_iteration4.TestImageUploadPillow" name="test_real_png_accepted" time="0.420" /><testcase classname="backend.tests.test_iteration4.TestImageUploadPillow" name="test_fake_png_rejected" time="0.067" /><testcase classname="backend.tests.test_iteration4.TestImageUploadPillow" name="test_upload_no_auth_401" time="0.056" /><testcase classname="backend.tests.test_iteration4.TestPasswordReset" name="test_forgot_returns_dev_link" time="0.052" /><testcase classname="backend.tests.test_iteration4.TestPasswordReset" name="test_forgot_unknown_email_still_ok" time="0.052" /><testcase classname="backend.tests.test_iteration4.TestPasswordReset" name="test_reset_invalid_token_400" time="0.056" /><testcase classname="backend.tests.test_iteration4.TestPasswordReset" name="test_full_reset_flow_and_reuse_blocked" time="1.272" /><testcase classname="backend.tests.test_iteration4.TestRobloxExport" name="test_manifest" time="0.113" /><testcase classname="backend.tests.test_iteration4.TestRobloxExport" name="test_checklist" time="0.055" /><testcase classname="backend.tests.test_iteration4.TestRobloxExport" name="test_glb_download" time="0.512" /><testcase classname="backend.tests.test_iteration4.TestRobloxExport" name="test_export_others_403" time="0.435" /><testcase classname="backend.tests.test_iteration4.TestRobloxExport" name="test_export_pending_400" time="0.107" /><testcase classname="backend.tests.test_iteration4.TestRobloxExport" name="test_export_nonexistent_404" time="0.056" /><testcase classname="backend.tests.test_iteration4.TestLiveFal" name="test_fal_kickoff_demo_mode_false" time="60.671"><skipped type="pytest.skip" message="Live fal.ai generation still pending after 60s (acceptable per request)">/app/backend/tests/test_iteration4.py:355: Live fal.ai generation still pending after 60s (acceptable per request)</skipped></testcase><testcase classname="backend.tests.backend_test.TestHealth" name="test_root" time="0.157" /><testcase classname="backend.tests.backend_test.TestHealth" name="test_meta" time="0.046" /><testcase classname="backend.tests.backend_test.TestAuth" name="test_register_returns_token_credits" time="0.272" /><testcase classname="backend.tests.backend_test.TestAuth" name="test_duplicate_register_400" time="0.044" /><testcase classname="backend.tests.backend_test.TestAuth" name="test_login_success" time="0.267" /><testcase classname="backend.tests.backend_test.TestAuth" name="test_login_wrong_password_401" time="0.542" /><testcase classname="backend.tests.backend_test.TestAuth" name="test_me_endpoint" time="0.049" /><testcase classname="backend.tests.backend_test.TestAuth" name="test_me_no_token_401" time="0.100" /><testcase classname="backend.tests.backend_test.TestAuth" name="test_brute_force_lockout_429" time="1.658" /><testcase classname="backend.tests.backend_test.TestAuth" name="test_admin_login" time="0.307" /><testcase classname="backend.tests.backend_test.TestGeneration" name="test_text_to_3d_flow_and_credit_deduct" time="15.036"><failure message="AssertionError: generation did not complete in time&#10;assert None is not None">E   AssertionError: generation did not complete in time
    assert None is not None</failure></testcase><testcase classname="backend.tests.backend_test.TestGeneration" name="test_out_of_credits_402" time="1.291" /><testcase classname="backend.tests.backend_test.TestPromptEnhance" name="test_enhance" time="4.425" /><testcase classname="backend.tests.backend_test.TestFeedLikeRemix" name="test_feed_recent" time="0.062" /><testcase classname="backend.tests.backend_test.TestFeedLikeRemix" name="test_feed_popular" time="0.049" /><testcase classname="backend.tests.backend_test.TestFeedLikeRemix" name="test_feed_trending" time="0.051" /><testcase classname="backend.tests.backend_test.TestFeedLikeRemix" name="test_like_toggle" time="0.147" /><testcase classname="backend.tests.backend_test.TestFeedLikeRemix" name="test_remix" time="0.046" /><testcase classname="backend.tests.backend_test.TestFeedLikeRemix" name="test_my_generations" time="0.109" /><testcase classname="backend.tests.backend_test.TestBattle" name="test_battle_random_and_vote" time="0.135" /><testcase classname="backend.tests.backend_test.TestLeaderboardChallenges" name="test_leaderboard" time="0.044" /><testcase classname="backend.tests.backend_test.TestLeaderboardChallenges" name="test_challenge_today" time="0.043" /><testcase classname="backend.tests.backend_test.TestLeaderboardChallenges" name="test_challenge_list" time="0.043" /><testcase classname="backend.tests.backend_test.TestPaymentsPricing" name="test_pricing_plans" time="0.046" /><testcase classname="backend.tests.backend_test.TestPaymentsPricing" name="test_stripe_checkout" time="0.557" /></testsuite></testsuites>