<?xml version="1.0" encoding="utf-8"?><testsuites name="pytest tests"><testsuite name="pytest" errors="0" failures="0" skipped="1" tests="13" time="2.684" timestamp="2026-06-18T03:04:09.370196+00:00" hostname="agent-env-458828f0-d51f-4902-bc20-090bb4818d4a"><testcase classname="backend.tests.test_iteration6.TestRobloxAuthAndValidation" name="test_connect_requires_auth" time="0.675" /><testcase classname="backend.tests.test_iteration6.TestRobloxAuthAndValidation" name="test_status_requires_auth" time="0.104" /><testcase classname="backend.tests.test_iteration6.TestRobloxAuthAndValidation" name="test_disconnect_requires_auth" time="0.110" /><testcase classname="backend.tests.test_iteration6.TestRobloxAuthAndValidation" name="test_connect_validates_non_numeric_user_id" time="0.095" /><testcase classname="backend.tests.test_iteration6.TestRobloxAuthAndValidation" name="test_connect_validates_short_api_key" time="0.099" /><testcase classname="backend.tests.test_iteration6.TestRobloxLifecycle" name="test_status_before_connect" time="0.210" /><testcase classname="backend.tests.test_iteration6.TestRobloxLifecycle" name="test_connect_returns_masked_key_only" time="0.106" /><testcase classname="backend.tests.test_iteration6.TestRobloxLifecycle" name="test_status_after_connect" time="0.109" /><testcase classname="backend.tests.test_iteration6.TestRobloxLifecycle" name="test_disconnect_clears_state" time="0.260" /><testcase classname="backend.tests.test_iteration6.TestRobloxUploadErrorPaths" name="test_upload_without_connection" time="0.218" /><testcase classname="backend.tests.test_iteration6.TestRobloxUploadErrorPaths" name="test_upload_nonexistent_generation" time="0.210" /><testcase classname="backend.tests.test_iteration6.TestRobloxUploadErrorPaths" name="test_upload_invalid_object_id" time="0.105" /><testcase classname="backend.tests.test_iteration6.TestRobloxUploadErrorPaths" name="test_upload_completed_gen_hits_roblox_and_bubbles_error" time="0.309"><skipped type="pytest.skip" message="no completed admin generation with thumbnail to test against">/app/backend/tests/test_iteration6.py:173: no completed admin generation with thumbnail to test against</skipped></testcase></testsuite></testsuites>