<?xml version="1.0" encoding="utf-8"?><testsuites name="pytest tests"><testsuite name="pytest" errors="0" failures="0" skipped="0" tests="18" time="1.966" timestamp="2026-06-18T04:28:22.687915+00:00" hostname="agent-env-458828f0-d51f-4902-bc20-090bb4818d4a"><testcase classname="backend.tests.test_phase1_collectibility.TestAuth" name="test_register_returns_token" time="0.381" /><testcase classname="backend.tests.test_phase1_collectibility.TestAuth" name="test_login_returns_token" time="0.266" /><testcase classname="backend.tests.test_phase1_collectibility.TestEditionCapAcceptance" name="test_create_with_valid_edition_cap[0]" time="0.042" /><testcase classname="backend.tests.test_phase1_collectibility.TestEditionCapAcceptance" name="test_create_with_valid_edition_cap[1]" time="0.045" /><testcase classname="backend.tests.test_phase1_collectibility.TestEditionCapAcceptance" name="test_create_with_valid_edition_cap[10]" time="0.084" /><testcase classname="backend.tests.test_phase1_collectibility.TestEditionCapAcceptance" name="test_create_with_valid_edition_cap[50]" time="0.042" /><testcase classname="backend.tests.test_phase1_collectibility.TestEditionCapAcceptance" name="test_create_with_valid_edition_cap[100]" time="0.083" /><testcase classname="backend.tests.test_phase1_collectibility.TestEditionCapAcceptance" name="test_create_with_invalid_edition_cap_sanitizes_to_zero" time="0.124" /><testcase classname="backend.tests.test_phase1_collectibility.TestGetGenerationEnrichment" name="test_get_generation_has_all_drop_fields" time="0.126" /><testcase classname="backend.tests.test_phase1_collectibility.TestGetGenerationEnrichment" name="test_non_admin_user_gen_not_founder_signed" time="0.043" /><testcase classname="backend.tests.test_phase1_collectibility.TestGetGenerationEnrichment" name="test_1of1_zero_engagement_is_epic" time="0.041" /><testcase classname="backend.tests.test_phase1_collectibility.TestGetGenerationEnrichment" name="test_unlimited_zero_engagement_is_common" time="0.084" /><testcase classname="backend.tests.test_phase1_collectibility.TestAdminSigning" name="test_admin_gen_is_founder_signed" time="0.344" /><testcase classname="backend.tests.test_phase1_collectibility.TestFeedEnrichment" name="test_feed_items_enriched" time="0.041" /><testcase classname="backend.tests.test_phase1_collectibility.TestMyGenerationsEnrichment" name="test_my_generations_enriched" time="0.041" /><testcase classname="backend.tests.test_phase1_collectibility.TestLeaderboardEnrichment" name="test_leaderboard_items_enriched" time="0.043" /><testcase classname="backend.tests.test_phase1_collectibility.TestBattleRandomEnrichment" name="test_battle_both_contenders_enriched" time="0.046" /><testcase classname="backend.tests.test_phase1_collectibility.TestRarityComputation" name="test_high_engagement_standard_drop_is_legendary_via_db" time="0.001" /></testsuite></testsuites>