<?xml version="1.0" encoding="utf-8"?><testsuites name="pytest tests"><testsuite name="pytest" errors="0" failures="0" skipped="0" tests="12" time="3.836" timestamp="2026-06-18T07:12:31.203716+00:00" hostname="agent-env-458828f0-d51f-4902-bc20-090bb4818d4a"><testcase classname="backend.tests.test_iteration8" name="test_connect_configured_returns_test_mode" time="0.159" /><testcase classname="backend.tests.test_iteration8" name="test_connect_onboard_returns_stripe_url" time="0.902" /><testcase classname="backend.tests.test_iteration8" name="test_admin_creators_connect_status" time="0.105" /><testcase classname="backend.tests.test_iteration8" name="test_admin_creators_connect_status_forbidden_for_non_admin" time="0.434" /><testcase classname="backend.tests.test_iteration8" name="test_listing_validation_missing_prices" time="0.207" /><testcase classname="backend.tests.test_iteration8" name="test_listing_validation_bb_below_min" time="0.200" /><testcase classname="backend.tests.test_iteration8" name="test_listing_validation_usd_below_min" time="0.224" /><testcase classname="backend.tests.test_iteration8" name="test_listing_usd_only_without_connect_fails" time="0.205" /><testcase classname="backend.tests.test_iteration8" name="test_listing_bb_only_succeeds_and_appears_in_browse" time="0.376" /><testcase classname="backend.tests.test_iteration8" name="test_buy_usd_rejects_bb_only_listing" time="0.370" /><testcase classname="backend.tests.test_iteration8" name="test_buy_usd_seller_cannot_buy_own" time="0.377" /><testcase classname="backend.tests.test_iteration8" name="test_marketplace_browse_returns_seller_name_and_both_price_fields" time="0.194" /></testsuite></testsuites>