<?xml version="1.0" encoding="utf-8"?><testsuites name="pytest tests"><testsuite name="pytest" errors="0" failures="0" skipped="0" tests="9" time="2.613" timestamp="2026-06-19T01:05:53.055502+00:00" hostname="agent-env-458828f0-d51f-4902-bc20-090bb4818d4a"><testcase classname="tests.test_iteration9_nft_metadata.TestNFTMetadataEditor" name="test_get_generation_defaults" time="0.510" /><testcase classname="tests.test_iteration9_nft_metadata.TestNFTMetadataEditor" name="test_owner_can_patch" time="0.219" /><testcase classname="tests.test_iteration9_nft_metadata.TestNFTMetadataEditor" name="test_dedupe_traits_case_insensitive_and_drop_empties" time="0.224" /><testcase classname="tests.test_iteration9_nft_metadata.TestNFTMetadataEditor" name="test_non_owner_forbidden" time="0.422" /><testcase classname="tests.test_iteration9_nft_metadata.TestNFTMetadataEditor" name="test_locked_when_listing_exists" time="0.624" /><testcase classname="tests.test_iteration9_nft_metadata.TestNFTMetadataEditor" name="test_locked_when_cancelled_listing_exists" time="0.166" /><testcase classname="tests.test_iteration9_nft_metadata.TestNFTMetadataEditor" name="test_unauthenticated_rejected" time="0.114" /><testcase classname="tests.test_iteration9_nft_metadata.TestNFTMetadataEditor" name="test_not_found" time="0.093" /><testcase classname="tests.test_iteration9_nft_metadata.TestNFTMetadataEditor" name="test_empty_update_rejected" time="0.101" /></testsuite></testsuites>