<?xml version="1.0" encoding="utf-8"?><testsuites name="pytest tests"><testsuite name="pytest" errors="0" failures="0" skipped="0" tests="25" time="21.400" timestamp="2026-06-18T01:31:58.932804+00:00" hostname="agent-env-458828f0-d51f-4902-bc20-090bb4818d4a"><testcase classname="backend.tests.backend_test.TestHealth" name="test_root" time="0.224" /><testcase classname="backend.tests.backend_test.TestHealth" name="test_meta" time="0.054" /><testcase classname="backend.tests.backend_test.TestAuth" name="test_register_returns_token_credits" time="0.277" /><testcase classname="backend.tests.backend_test.TestAuth" name="test_duplicate_register_400" time="0.048" /><testcase classname="backend.tests.backend_test.TestAuth" name="test_login_success" time="0.273" /><testcase classname="backend.tests.backend_test.TestAuth" name="test_login_wrong_password_401" time="0.540" /><testcase classname="backend.tests.backend_test.TestAuth" name="test_me_endpoint" time="0.046" /><testcase classname="backend.tests.backend_test.TestAuth" name="test_me_no_token_401" time="0.149" /><testcase classname="backend.tests.backend_test.TestAuth" name="test_brute_force_lockout_429" time="2.745" /><testcase classname="backend.tests.backend_test.TestAuth" name="test_admin_login" time="0.313" /><testcase classname="backend.tests.backend_test.TestGeneration" name="test_text_to_3d_flow_and_credit_deduct" time="5.128" /><testcase classname="backend.tests.backend_test.TestGeneration" name="test_out_of_credits_402" time="1.262" /><testcase classname="backend.tests.backend_test.TestPromptEnhance" name="test_enhance" time="8.896" /><testcase classname="backend.tests.backend_test.TestFeedLikeRemix" name="test_feed_recent" time="0.053" /><testcase classname="backend.tests.backend_test.TestFeedLikeRemix" name="test_feed_popular" time="0.051" /><testcase classname="backend.tests.backend_test.TestFeedLikeRemix" name="test_feed_trending" time="0.050" /><testcase classname="backend.tests.backend_test.TestFeedLikeRemix" name="test_like_toggle" time="0.145" /><testcase classname="backend.tests.backend_test.TestFeedLikeRemix" name="test_remix" time="0.048" /><testcase classname="backend.tests.backend_test.TestFeedLikeRemix" name="test_my_generations" time="0.048" /><testcase classname="backend.tests.backend_test.TestBattle" name="test_battle_random_and_vote" time="0.144" /><testcase classname="backend.tests.backend_test.TestLeaderboardChallenges" name="test_leaderboard" time="0.049" /><testcase classname="backend.tests.backend_test.TestLeaderboardChallenges" name="test_challenge_today" time="0.050" /><testcase classname="backend.tests.backend_test.TestLeaderboardChallenges" name="test_challenge_list" time="0.046" /><testcase classname="backend.tests.backend_test.TestPaymentsPricing" name="test_pricing_plans" time="0.043" /><testcase classname="backend.tests.backend_test.TestPaymentsPricing" name="test_stripe_checkout" time="0.615" /></testsuite></testsuites>